SOURCE: CONIO             MASM 07.70.00.00                                                           10-JUN-95 15:59:22  PAGE    1

01                                              ; CONIO.SR
02                                              ; ========
03                                              ;
04                                              ;
05                                              ; S.Merrony - Public Domain
06                                              
07                                              	.TITLE 	CONIO
08                                              
09                                              	.ENT	CONSOLE
10                                              	.ENT 	CONOPEN
11                                              	.ENT	CONWRITE
12                                              	.ENT	CONWRTLN
13                                              	.ENT	CONCLOSE
14                                              
15                                              ; Data
16                   00000000006                	.NREL	6
17                                              	.ENABLE WORD
18                                              	
19 000000 UD         00000000030                CONSOLE: .BLK   ?IBLT
20                   00000000001         UD             .LOC    CONSOLE+?ISTI
21 000001 UD 040032                                             ?ICRF+?RTDS+?OFIO
22                   00000000003         UD             .LOC    CONSOLE+?IMRS
23 000003 UD 177777                                             -1              ; block size (def. 2048)
24                   00000000004         UD             .LOC    CONSOLE+?IBAD
25 000004 UD         00000000072         UD             .DWORD  BUF*2           ; double-word byte ptr to msg
26                   00000000007         UD             .LOC    CONSOLE+?IRCL
27 000007 UD 000170                                     .WORD   120.
28                   00000000014         UD             .LOC    CONSOLE+?IFNP
29 000014 UD         00000000060         UD             .DWORD  CON*2           ; double-word byte ptr to filename
30                   00000000016         UD             .LOC    CONSOLE+?IDEL
31 000016 UD         37777777777                        .DWORD  -1
32                   00000000030         UD             .LOC    CONSOLE+?IBLT
33                                              
34 000030 UD 040103 047516 051517 046105        CON:    .TXT    "@CONSOLE"      ; generic name
35           000000                            
36 000035 UD         00000000170                BUF:	.BLK	120.		; buffer space for 240. chars
37 000225 UD 005000                             NL:	.TXT	"<12>"
38                                              
39 000226 UD         00000000000                INDEX:	.DWORD	0
40                                              
41                                              ; Code
42                   00000000001                	.NREL	1
43                                              
44                                              
45                                              ; Error exit
46                                              CONOOPS:
47 000000 SC 124531                             	WSUB	1,1
48 000001 SC 153211  00000150000                	WLDAI	?RFER+?RFCF+?RFEC,2
49                                              	?RETURN
50                                              
51                                              ; I/O Subroutines
52                                              CONOPEN:
53 000007 SC 103451 000000                      	WSSVR	0
54                                              	?OPEN	CONSOLE
55 000017 SC 174170                             	WBR	CONOOPS
56 000020 SC 103651                             	WRTN
57                                              
58                                              CONWRITE:
SOURCE: CONIO             MASM 07.70.00.00                                                           10-JUN-95 15:59:22  PAGE    2

01 000021 SC 103451 000000                      	WSSVR	0
02                                              	?WRITE	CONSOLE
03 000031 SC 170770                             	WBR	CONOOPS
04 000032 SC 103651                             	WRTN
05                                              
06                                              CONWRTLN:
07 000033 SC 103451 000000                      	WSSVR	0
08                                              	?WRITE	CONSOLE
09 000043 SC 165570                             	WBR	CONOOPS
10 000044 SC 132351  00000000452         UD     	LLEFB	2,NL*2
11 000047 SC 132371  00000000004         UD     	LWSTA	2,CONSOLE+?IBAD
12                                              	?WRITE	CONSOLE
13 000060 SC 164070                             	WBR	CONOOPS
14 000061 SC 103651                             	WRTN
15                                              
16                                              CONCLOSE:
17 000062 SC 103451 000000                      	WSSVR	0
18                                              	?CLOSE	CONSOLE
19 000072 SC 160670                             	WBR	CONOOPS
20 000073 SC 150531                             	WSUB	2,2		; set good return flag
21 000074 SC 103651                             	WRTN
22                                              
23                                              
24                                              
25                                              
XREF:   CONIO             MASM 07.70.00.00                                                           10-JUN-95 15:59:22  PAGE    3

?CLOSE    00000000000 MA   2/18 
?IBAD     00000000004      1/24    2/11 
?IBLT     00000000030      1/19    1/32 
?ICRF     00000040000      1/21 
?IDEL     00000000016      1/30 
?IFNP     00000000014      1/28 
?IMRS     00000000003      1/22 
?IRCL     00000000007      1/26 
?ISTI     00000000001      1/20 
?OFIO     00000000030      1/21 
?OPEN     00000000000 MA   1/54 
?RETURN   00000000000 MA   1/49 
?RFCF     00000100000      1/48 
?RFEC     00000010000      1/48 
?RFER     00000040000      1/48 
?RTDS     00000000002      1/21 
?SYST     00000000000 MA   1/50    1/55    2/03    2/09    2/13    2/19 
?WRITE    00000000000 MA   2/02    2/08    2/12 
?XCALL    00000000001      1/50    1/50    1/55    1/55    2/03    2/03    2/09    2/09    2/13    2/13    2/19    2/19 
BUF       00000000035      1/25    1/36#
CON       00000000030      1/29    1/34#
CONCLOSE  00000000062 EN   1/13    2/16#
CONOOPS   00000000000      1/46#   1/55    2/03    2/09    2/13    2/19 
CONOPEN   00000000007 EN   1/10    1/52#
CONSOLE   00000000000 EN   1/09    1/19#   1/20    1/22    1/24    1/26    1/28    1/30    1/32    1/55    2/03    2/09    2/11 
                           2/13    2/19 
CONWRITE  00000000021 EN   1/11    1/58#
CONWRTLN  00000000033 EN   1/12    2/06#
INDEX     00000000226      1/39#
NL        00000000225      1/37#   2/10 
STAT:   CONIO             MASM 07.70.00.00                                                           10-JUN-95 15:59:22  PAGE    4

ELAPSED TIME:  00:00:03
CPU TIME:      00:00:01
TOTAL LINES:         82
TOTAL SYMBOLS:       10
LINES/MINUTE:      1640

NO ASSEMBLY ERRORS
