SOURCE: LOOPS2            MASM 07.70.00.00                                                           08-JUN-95 11:30:00  PAGE    1

01                                              ; LOOPS2.SR
02                                              
03                                              	.TITLE 	LOOPS2
04                                              	.ENT 	LOOPS2
05                                              
06                                              ; Assember constants
07                   00000000144                	N=100.
08                                              
09                                              ; Data
10                   00000000006                	.NREL	6
11                                              	.ENABLE WORD
12                                              	
13 000000 UD         00000000030                CONSOLE: .BLK   ?IBLT
14                   00000000001         UD             .LOC    CONSOLE+?ISTI
15 000001 UD 040032                                             ?ICRF+?RTDS+?OFIO
16                   00000000003         UD             .LOC    CONSOLE+?IMRS
17 000003 UD 177777                                             -1              ; block size (def. 2048)
18                   00000000004         UD             .LOC    CONSOLE+?IBAD
19 000004 UD         00000000060         UD             .DWORD  BUF*2           ; double-word byte ptr to msg
20                   00000000007         UD             .LOC    CONSOLE+?IRCL
21 000007 UD 000170                                     .WORD   120.
22                   00000000014         UD             .LOC    CONSOLE+?IFNP
23 000014 UD         00000000142         UD             .DWORD  CON*2           ; double-word byte ptr to filename
24                   00000000016         UD             .LOC    CONSOLE+?IDEL
25 000016 UD         37777777777                        .DWORD  -1
26                   00000000030         UD             .LOC    CONSOLE+?IBLT
27                                              
28 000030 UD 046117 047520 051462 020163        BUF:	.TXT	"LOOPS2 starting...<12>"
29           072141 071164 064556 063456       
30           027056 005000                     
31 000042 UD 005000                             NLBUF:	.TXT	"<12>"
32 000043 UD 020040 020040 020040 020040        NUMBUF: .TXT	"           "
33           020040 020000                     
34 000051 UD 027056 027114 047517 050123        DONEBUF:.TXT	"...LOOPS2 done"
35           031040 062157 067145 000000       
36 000061 UD 040103 047516 051517 046105        CON:    .TXT    "@CONSOLE"      ; generic name
37           000000                            
38 000066 UD         00000000044                FPUSAV:	.BLK	36.
39                                              
40                                              ; Code
41                   00000000001                	.NREL	1
42                                              
43                                              LOOPS2: 
44 000000 SC 121751  00000000066         UD     	LLEF	0,FPUSAV
45 000003 SC 124531                             	WSUB	1,1
46 000004 SC 150531                             	WSUB	2,2
47                                              	?IFPU	
48 000010 SC 110470                             	WBR	OOPS
49                                              
50 000011 SC 147031 000051                      	XJSR	OPEN 
51 000013 SC 147031 000061                      	XJSR	WRITE
52                                              	; set up for printing digits
53 000015 SC 132351  00000000106         UD     	LLEFB	2,NUMBUF*2
54 000020 SC 132371  00000000004         UD     	LWSTA	2,CONSOLE+?IBAD
55 000023 SC 155571                             	WMOV	2,3
56 000024 SC 100531                             	WSUB	0,0
57 000025 SC 124531                             	WSUB	1,1		; AC1 = 0
58                                              INITLOOP: 
SOURCE: LOOPS2            MASM 07.70.00.00                                                           08-JUN-95 11:30:00  PAGE    2

01 000026 SC 147031 000073                      	XJSR	BIN2ASC
02 000030 SC 147031 000044                      	XJSR	WRITE
03 000032 SC 125131                             	WINC	1,1		; AC1 += 1
04 000033 SC 167211 000144                      	WSGTI	N,1		; if AC1 > len then skip
05 000035 SC 175170                             	WBR	INITLOOP
06                                              
07                                              FINISH:
08 000036 SC 122351  00000000122         UD     	LLEFB	0,DONEBUF*2	; AC0 = &donebuf
09 000041 SC 122371  00000000004         UD     	LWSTA	0,CONSOLE+?IBAD	; store AC0 @ ?IBAD in IO packet
10 000044 SC 147031 000030                      	XJSR	WRITE		; write the closing message
11 000046 SC 147031 000040                      	XJSR	CLOSE		; close the console
12 000050 SC 150531                             	WSUB	2,2		; clear the error flag for ?RETURN
13                                              	?RETURN			; return to caller (assume CLI)
14                                              
15                                              ; Error exit
16 000054 SC 124531                             OOPS:	WSUB	1,1
17 000055 SC 153211  00000150000                	WLDAI	?RFER+?RFCF+?RFEC,2
18                                              	?RETURN
19                                              
20                                              ; I/O Subroutines
21 000063 SC 103451 000000                      OPEN:	WSSVR	0
22                                              	?OPEN	console
23 000073 SC 174170                             	WBR	OOPS
24 000074 SC 103651                             	WRTN
25                                              
26 000075 SC 103451 000000                      WRITE:	WSSVR	0
27                                              	
28                                              	?WRITE	console
29 000105 SC 170770                             	WBR	OOPS
30 000106 SC 103651                             	WRTN
31                                              
32 000107 SC 103451 000000                      CLOSE:	WSSVR	0
33                                              	?CLOSE	console
34 000117 SC 165570                             	WBR	OOPS
35 000120 SC 150531                             	WSUB	2,2		; set good return flag
36 000121 SC 103651                             	WRTN
37                                              
38                                              
39                                              
40                                              ; BIN2ASC subroutine converts 32-bit (signed) binary to ASCII decimal
41                                              ; -------
42                                              ; On entry AC1 contains the value to be converted
43                                              ;          AC2 contains a byte pointer for the result
44                                              ;
45                                              ; The conversion is primarily achieved by putting the integer into
46                                              ; a floating-point accumulator, then reading it out as a signed unpacked
47                                              ; decimal - which is then lightly post-processed to remove leading + and 0s.
48                                              
49                                              BIN2ASC:
50 000122 SC 103471 000000                      	WSSVS	0
51 000124 SC 126571                             	WPSH	1,1
52 000125 SC 155571                             	WMOV	2,3
53 000126 SC 122251                             	WFLAD	1,0		; FPAC0 = AC1
54 000127 SC 147211  00000000152                	WLDAI	3S26.+10.,1	; Datatype 3 into AC1 
55                                              				; (signed unpacked dec. 10 places)
56 000132 SC 163271                             	WSTI	0		; Store FPAC0 as decimal ASCII
57                                              
58 000133 SC 100531                             	WSUB	0,0		; AC0 = NULL
SOURCE: LOOPS2            MASM 07.70.00.00                                                           08-JUN-95 11:30:00  PAGE    3

01 000134 SC 162471                             	WSTB	3,0		; Store NULL at end of string
02                                              
03                                              	; now post-process the string:
04 000135 SC 124211                             	WPOP	1,1
05 000136 SC 141571                             	WMOV	2,0
06                                              
07                                              B2ANEG:	; special case if value is negative
08 000137 SC 167251 177777                      	WSLEI	-1,1
09 000141 SC 100270                             	WBR	B2A0
10 000142 SC 101131                             	WINC	0,0		; move past -
11                                              
12                                              B2A0:
13                                              	; special case if value is zero
14 000143 SC 167311 000000                      	WSEQI	0,1
15 000145 SC 100470                             	WBR	B2AR0
16 000146 SC 147031 000011                      	XJSR	LCHOP		; remove sign 
17 000150 SC 102271                             	WADI	1,0		; move past initial 0
18                                              
19 000151 SC 147031 000006                      B2AR0:	XJSR	LCHOP
20 000153 SC 112451                             	WLDB	0,2
21 000154 SC 173351 000060                      	WSNEI	48.,2	 
22 000156 SC 175370                             	WBR	B2AR0
23                                              
24 000157 SC 103651                             B2AEND:	WRTN
25                                              
26                                              ; Chop the 1st character of a null-terminated string
27                                              ; AC0 is a byte pointer to the string
28                                              LCHOP:	
29 000160 SC 103471 000000                      	WSSVS	0
30 000162 SC 105571                             	WMOV	0,1
31 000163 SC 125131                             LCHOPL:	WINC	1,1	
32 000164 SC 132451                             	WLDB	1,2
33 000165 SC 112471                             	WSTB	0,2
34 000166 SC 101131                             	WINC	0,0
35 000167 SC 173311 000000                      	WSEQI	0,2
36 000171 SC 175270                             	WBR	LCHOPL
37                                              LCHOPEND:
38 000172 SC 103651                             	WRTN
39                                              
40                                              	.END 	LOOPS2
XREF:   LOOPS2            MASM 07.70.00.00                                                           08-JUN-95 11:30:00  PAGE    4

?CLOSE    00000000000 MA   2/33 
?IBAD     00000000004      1/18    1/54    2/09 
?IBLT     00000000030      1/13    1/26 
?ICRF     00000040000      1/15 
?IDEL     00000000016      1/24 
?IFNP     00000000014      1/22 
?IFPU     00000000000 MA   1/47 
?IMRS     00000000003      1/16 
?IRCL     00000000007      1/20 
?ISTI     00000000001      1/14 
?OFIO     00000000030      1/15 
?OPEN     00000000000 MA   2/22 
?RETURN   00000000000 MA   2/13    2/18 
?RFCF     00000100000      2/17 
?RFEC     00000010000      2/17 
?RFER     00000040000      2/17 
?RTDS     00000000002      1/15 
?SYST     00000000000 MA   1/48    2/14    2/19    2/23    2/29    2/34 
?WRITE    00000000000 MA   2/28 
?XCALL    00000000001      1/48    1/48    2/14    2/14    2/19    2/19    2/23    2/23    2/29    2/29    2/34    2/34 
B2A0      00000000143      3/09    3/12#
B2AEND    00000000157      3/24#
B2ANEG    00000000137      3/07#
B2AR0     00000000151      3/15    3/19#   3/22 
BIN2ASC   00000000122      2/01    2/49#
BUF       00000000030      1/19    1/28#
CLOSE     00000000107      2/11    2/32#
CON       00000000061      1/23    1/36#
CONSOLE   00000000000      1/13#   1/14    1/16    1/18    1/20    1/22    1/24    1/26    1/54    2/09    2/23    2/29    2/34 
DONEBUF   00000000051      1/34#   2/08 
FINISH    00000000036      2/07#
FPUSAV    00000000066      1/38#   1/44 
INITLOOP  00000000026      1/58#   2/05 
LCHOP     00000000160      3/16    3/19    3/28#
LCHOPEND  00000000172      3/37#
LCHOPL    00000000163      3/31#   3/36 
LOOPS2    00000000000 EN   1/04    1/43#   3/40 
N         00000000144      1/07#   2/04 
NLBUF     00000000042      1/31#
NUMBUF    00000000043      1/32#   1/53 
OOPS      00000000054      1/48    2/16#   2/23    2/29    2/34 
OPEN      00000000063      1/50    2/21#
WRITE     00000000075      1/51    2/02    2/10    2/26#
STAT:   LOOPS2            MASM 07.70.00.00                                                           08-JUN-95 11:30:00  PAGE    5

ELAPSED TIME:  00:00:04
CPU TIME:      00:00:02
TOTAL LINES:        151
TOTAL SYMBOLS:       23
LINES/MINUTE:      2265

NO ASSEMBLY ERRORS
